{"C:\\Users\\laycon.gomes\\Documents\\prova_conceito\\clean-architecture\\clean-arch-typescript\\src\\route.entity.ts": {"path":"C:\\Users\\laycon.gomes\\Documents\\prova_conceito\\clean-architecture\\clean-arch-typescript\\src\\route.entity.ts","all":false,"statementMap":{"0":{"start":{"line":1,"column":0},"end":{"line":1,"column":23}},"1":{"start":{"line":2,"column":0},"end":{"line":2,"column":17}},"2":{"start":{"line":3,"column":0},"end":{"line":3,"column":16}},"3":{"start":{"line":4,"column":0},"end":{"line":4,"column":1}},"4":{"start":{"line":5,"column":0},"end":{"line":5,"column":0}},"5":{"start":{"line":6,"column":0},"end":{"line":6,"column":26}},"6":{"start":{"line":7,"column":0},"end":{"line":7,"column":18}},"7":{"start":{"line":8,"column":0},"end":{"line":8,"column":27}},"8":{"start":{"line":9,"column":0},"end":{"line":9,"column":24}},"9":{"start":{"line":10,"column":0},"end":{"line":10,"column":22}},"10":{"start":{"line":11,"column":0},"end":{"line":11,"column":1}},"11":{"start":{"line":12,"column":0},"end":{"line":12,"column":0}},"12":{"start":{"line":13,"column":0},"end":{"line":13,"column":20}},"13":{"start":{"line":14,"column":0},"end":{"line":14,"column":39}},"14":{"start":{"line":15,"column":0},"end":{"line":15,"column":16}},"15":{"start":{"line":16,"column":0},"end":{"line":16,"column":25}},"16":{"start":{"line":17,"column":0},"end":{"line":17,"column":7}},"17":{"start":{"line":18,"column":0},"end":{"line":18,"column":22}},"18":{"start":{"line":19,"column":0},"end":{"line":19,"column":21}},"19":{"start":{"line":20,"column":0},"end":{"line":20,"column":38}},"20":{"start":{"line":21,"column":0},"end":{"line":21,"column":9}},"21":{"start":{"line":22,"column":0},"end":{"line":22,"column":5}},"22":{"start":{"line":23,"column":0},"end":{"line":23,"column":0}},"23":{"start":{"line":24,"column":0},"end":{"line":24,"column":31}},"24":{"start":{"line":25,"column":0},"end":{"line":25,"column":26}},"25":{"start":{"line":26,"column":0},"end":{"line":26,"column":5}},"26":{"start":{"line":27,"column":0},"end":{"line":27,"column":0}},"27":{"start":{"line":28,"column":0},"end":{"line":28,"column":66}},"28":{"start":{"line":29,"column":0},"end":{"line":29,"column":43}},"29":{"start":{"line":30,"column":0},"end":{"line":30,"column":39}},"30":{"start":{"line":31,"column":0},"end":{"line":31,"column":5}},"31":{"start":{"line":32,"column":0},"end":{"line":32,"column":0}},"32":{"start":{"line":33,"column":0},"end":{"line":33,"column":36}},"33":{"start":{"line":34,"column":0},"end":{"line":34,"column":50}},"34":{"start":{"line":35,"column":0},"end":{"line":35,"column":5}},"35":{"start":{"line":36,"column":0},"end":{"line":36,"column":0}},"36":{"start":{"line":37,"column":0},"end":{"line":37,"column":16}},"37":{"start":{"line":38,"column":0},"end":{"line":38,"column":31}},"38":{"start":{"line":39,"column":0},"end":{"line":39,"column":5}},"39":{"start":{"line":40,"column":0},"end":{"line":40,"column":0}},"40":{"start":{"line":41,"column":0},"end":{"line":41,"column":38}},"41":{"start":{"line":42,"column":0},"end":{"line":42,"column":32}},"42":{"start":{"line":43,"column":0},"end":{"line":43,"column":5}},"43":{"start":{"line":44,"column":0},"end":{"line":44,"column":0}},"44":{"start":{"line":45,"column":0},"end":{"line":45,"column":24}},"45":{"start":{"line":46,"column":0},"end":{"line":46,"column":39}},"46":{"start":{"line":47,"column":0},"end":{"line":47,"column":5}},"47":{"start":{"line":48,"column":0},"end":{"line":48,"column":0}},"48":{"start":{"line":49,"column":0},"end":{"line":49,"column":47}},"49":{"start":{"line":50,"column":0},"end":{"line":50,"column":40}},"50":{"start":{"line":51,"column":0},"end":{"line":51,"column":5}},"51":{"start":{"line":52,"column":0},"end":{"line":52,"column":0}},"52":{"start":{"line":53,"column":0},"end":{"line":53,"column":22}},"53":{"start":{"line":54,"column":0},"end":{"line":54,"column":37}},"54":{"start":{"line":55,"column":0},"end":{"line":55,"column":5}},"55":{"start":{"line":56,"column":0},"end":{"line":56,"column":0}},"56":{"start":{"line":57,"column":0},"end":{"line":57,"column":45}},"57":{"start":{"line":58,"column":0},"end":{"line":58,"column":38}},"58":{"start":{"line":59,"column":0},"end":{"line":59,"column":5}},"59":{"start":{"line":60,"column":0},"end":{"line":60,"column":0}},"60":{"start":{"line":61,"column":0},"end":{"line":61,"column":17}},"61":{"start":{"line":62,"column":0},"end":{"line":62,"column":32}},"62":{"start":{"line":63,"column":0},"end":{"line":63,"column":5}},"63":{"start":{"line":64,"column":0},"end":{"line":64,"column":0}},"64":{"start":{"line":65,"column":0},"end":{"line":65,"column":42}},"65":{"start":{"line":66,"column":0},"end":{"line":66,"column":33}},"66":{"start":{"line":67,"column":0},"end":{"line":67,"column":5}},"67":{"start":{"line":68,"column":0},"end":{"line":68,"column":1}}},"s":{"0":1,"1":1,"2":1,"3":1,"4":1,"5":1,"6":1,"7":1,"8":1,"9":1,"10":1,"11":1,"12":1,"13":5,"14":5,"15":5,"16":5,"17":5,"18":5,"19":5,"20":5,"21":5,"22":5,"23":5,"24":1,"25":1,"26":5,"27":5,"28":1,"29":1,"30":1,"31":5,"32":5,"33":2,"34":2,"35":5,"36":5,"37":1,"38":1,"39":5,"40":5,"41":1,"42":1,"43":5,"44":5,"45":1,"46":1,"47":5,"48":5,"49":1,"50":1,"51":5,"52":5,"53":1,"54":1,"55":5,"56":5,"57":1,"58":1,"59":5,"60":5,"61":5,"62":5,"63":5,"64":5,"65":2,"66":2,"67":5},"branchMap":{"0":{"type":"branch","line":13,"loc":{"start":{"line":13,"column":7},"end":{"line":68,"column":1}},"locations":[{"start":{"line":13,"column":7},"end":{"line":68,"column":1}}]},"1":{"type":"branch","line":15,"loc":{"start":{"line":15,"column":4},"end":{"line":22,"column":5}},"locations":[{"start":{"line":15,"column":4},"end":{"line":22,"column":5}}]},"2":{"type":"branch","line":20,"loc":{"start":{"line":20,"column":32},"end":{"line":20,"column":38}},"locations":[{"start":{"line":20,"column":32},"end":{"line":20,"column":38}}]},"3":{"type":"branch","line":24,"loc":{"start":{"line":24,"column":4},"end":{"line":26,"column":5}},"locations":[{"start":{"line":24,"column":4},"end":{"line":26,"column":5}}]},"4":{"type":"branch","line":28,"loc":{"start":{"line":28,"column":4},"end":{"line":31,"column":5}},"locations":[{"start":{"line":28,"column":4},"end":{"line":31,"column":5}}]},"5":{"type":"branch","line":33,"loc":{"start":{"line":33,"column":4},"end":{"line":35,"column":5}},"locations":[{"start":{"line":33,"column":4},"end":{"line":35,"column":5}}]},"6":{"type":"branch","line":37,"loc":{"start":{"line":37,"column":4},"end":{"line":39,"column":5}},"locations":[{"start":{"line":37,"column":4},"end":{"line":39,"column":5}}]},"7":{"type":"branch","line":41,"loc":{"start":{"line":41,"column":4},"end":{"line":43,"column":5}},"locations":[{"start":{"line":41,"column":4},"end":{"line":43,"column":5}}]},"8":{"type":"branch","line":45,"loc":{"start":{"line":45,"column":4},"end":{"line":47,"column":5}},"locations":[{"start":{"line":45,"column":4},"end":{"line":47,"column":5}}]},"9":{"type":"branch","line":49,"loc":{"start":{"line":49,"column":4},"end":{"line":51,"column":5}},"locations":[{"start":{"line":49,"column":4},"end":{"line":51,"column":5}}]},"10":{"type":"branch","line":53,"loc":{"start":{"line":53,"column":4},"end":{"line":55,"column":5}},"locations":[{"start":{"line":53,"column":4},"end":{"line":55,"column":5}}]},"11":{"type":"branch","line":57,"loc":{"start":{"line":57,"column":4},"end":{"line":59,"column":5}},"locations":[{"start":{"line":57,"column":4},"end":{"line":59,"column":5}}]},"12":{"type":"branch","line":61,"loc":{"start":{"line":61,"column":4},"end":{"line":63,"column":5}},"locations":[{"start":{"line":61,"column":4},"end":{"line":63,"column":5}}]},"13":{"type":"branch","line":65,"loc":{"start":{"line":65,"column":4},"end":{"line":67,"column":5}},"locations":[{"start":{"line":65,"column":4},"end":{"line":67,"column":5}}]}},"b":{"0":[5],"1":[5],"2":[4],"3":[1],"4":[1],"5":[2],"6":[1],"7":[1],"8":[1],"9":[1],"10":[1],"11":[1],"12":[5],"13":[2]},"fnMap":{"0":{"name":"<instance_members_initializer>","decl":{"start":{"line":13,"column":7},"end":{"line":68,"column":1}},"loc":{"start":{"line":13,"column":7},"end":{"line":68,"column":1}},"line":13},"1":{"name":"Route","decl":{"start":{"line":15,"column":4},"end":{"line":22,"column":5}},"loc":{"start":{"line":15,"column":4},"end":{"line":22,"column":5}},"line":15},"2":{"name":"updateTitle","decl":{"start":{"line":24,"column":4},"end":{"line":26,"column":5}},"loc":{"start":{"line":24,"column":4},"end":{"line":26,"column":5}},"line":24},"3":{"name":"updatePosition","decl":{"start":{"line":28,"column":4},"end":{"line":31,"column":5}},"loc":{"start":{"line":28,"column":4},"end":{"line":31,"column":5}},"line":28},"4":{"name":"updatePoints","decl":{"start":{"line":33,"column":4},"end":{"line":35,"column":5}},"loc":{"start":{"line":33,"column":4},"end":{"line":35,"column":5}},"line":33},"5":{"name":"get title","decl":{"start":{"line":37,"column":4},"end":{"line":39,"column":5}},"loc":{"start":{"line":37,"column":4},"end":{"line":39,"column":5}},"line":37},"6":{"name":"set title","decl":{"start":{"line":41,"column":4},"end":{"line":43,"column":5}},"loc":{"start":{"line":41,"column":4},"end":{"line":43,"column":5}},"line":41},"7":{"name":"get startPosition","decl":{"start":{"line":45,"column":4},"end":{"line":47,"column":5}},"loc":{"start":{"line":45,"column":4},"end":{"line":47,"column":5}},"line":45},"8":{"name":"set startPosition","decl":{"start":{"line":49,"column":4},"end":{"line":51,"column":5}},"loc":{"start":{"line":49,"column":4},"end":{"line":51,"column":5}},"line":49},"9":{"name":"get endPosition","decl":{"start":{"line":53,"column":4},"end":{"line":55,"column":5}},"loc":{"start":{"line":53,"column":4},"end":{"line":55,"column":5}},"line":53},"10":{"name":"set endPosition","decl":{"start":{"line":57,"column":4},"end":{"line":59,"column":5}},"loc":{"start":{"line":57,"column":4},"end":{"line":59,"column":5}},"line":57},"11":{"name":"get points","decl":{"start":{"line":61,"column":4},"end":{"line":63,"column":5}},"loc":{"start":{"line":61,"column":4},"end":{"line":63,"column":5}},"line":61},"12":{"name":"set points","decl":{"start":{"line":65,"column":4},"end":{"line":67,"column":5}},"loc":{"start":{"line":65,"column":4},"end":{"line":67,"column":5}},"line":65}},"f":{"0":5,"1":5,"2":1,"3":1,"4":2,"5":1,"6":1,"7":1,"8":1,"9":1,"10":1,"11":5,"12":2}}
}
