TN:
SF:src\route.entity.ts
FN:13,<instance_members_initializer>
FN:15,Route
FN:24,updateTitle
FN:28,updatePosition
FN:33,updatePoints
FN:37,get title
FN:41,set title
FN:45,get startPosition
FN:49,set startPosition
FN:53,get endPosition
FN:57,set endPosition
FN:61,get points
FN:65,set points
FNF:13
FNH:13
FNDA:5,<instance_members_initializer>
FNDA:5,Route
FNDA:1,updateTitle
FNDA:1,updatePosition
FNDA:2,updatePoints
FNDA:1,get title
FNDA:1,set title
FNDA:1,get startPosition
FNDA:1,set startPosition
FNDA:1,get endPosition
FNDA:1,set endPosition
FNDA:5,get points
FNDA:2,set points
DA:1,1
DA:2,1
DA:3,1
DA:4,1
DA:5,1
DA:6,1
DA:7,1
DA:8,1
DA:9,1
DA:10,1
DA:11,1
DA:12,1
DA:13,1
DA:14,5
DA:15,5
DA:16,5
DA:17,5
DA:18,5
DA:19,5
DA:20,5
DA:21,5
DA:22,5
DA:23,5
DA:24,5
DA:25,1
DA:26,1
DA:27,5
DA:28,5
DA:29,1
DA:30,1
DA:31,1
DA:32,5
DA:33,5
DA:34,2
DA:35,2
DA:36,5
DA:37,5
DA:38,1
DA:39,1
DA:40,5
DA:41,5
DA:42,1
DA:43,1
DA:44,5
DA:45,5
DA:46,1
DA:47,1
DA:48,5
DA:49,5
DA:50,1
DA:51,1
DA:52,5
DA:53,5
DA:54,1
DA:55,1
DA:56,5
DA:57,5
DA:58,1
DA:59,1
DA:60,5
DA:61,5
DA:62,5
DA:63,5
DA:64,5
DA:65,5
DA:66,2
DA:67,2
DA:68,5
LF:68
LH:68
BRDA:13,0,0,5
BRDA:15,1,0,5
BRDA:20,2,0,4
BRDA:24,3,0,1
BRDA:28,4,0,1
BRDA:33,5,0,2
BRDA:37,6,0,1
BRDA:41,7,0,1
BRDA:45,8,0,1
BRDA:49,9,0,1
BRDA:53,10,0,1
BRDA:57,11,0,1
BRDA:61,12,0,5
BRDA:65,13,0,2
BRF:14
BRH:14
end_of_record
