TN:
SF:src\route.entity.ts
FN:13,<instance_members_initializer>
FN:15,Route
FN:24,updateTitle
FN:28,updatePosition
FN:33,updatePoints
FN:37,get title
FN:41,set title
FN:45,get startPosition
FN:49,set startPosition
FN:53,get endPosition
FN:57,set endPosition
FN:61,get points
FN:65,set points
FNF:13
FNH:5
FNDA:1,<instance_members_initializer>
FNDA:1,Route
FNDA:0,updateTitle
FNDA:0,updatePosition
FNDA:2,updatePoints
FNDA:0,get title
FNDA:0,set title
FNDA:0,get startPosition
FNDA:0,set startPosition
FNDA:0,get endPosition
FNDA:0,set endPosition
FNDA:5,get points
FNDA:2,set points
DA:1,1
DA:2,1
DA:3,1
DA:4,1
DA:5,1
DA:6,1
DA:7,1
DA:8,1
DA:9,1
DA:10,1
DA:11,1
DA:12,1
DA:13,1
DA:14,1
DA:15,1
DA:16,1
DA:17,1
DA:18,1
DA:19,1
DA:20,1
DA:21,1
DA:22,1
DA:23,1
DA:24,1
DA:25,0
DA:26,0
DA:27,1
DA:28,1
DA:29,0
DA:30,0
DA:31,0
DA:32,1
DA:33,1
DA:34,2
DA:35,2
DA:36,1
DA:37,1
DA:38,0
DA:39,0
DA:40,1
DA:41,1
DA:42,0
DA:43,0
DA:44,1
DA:45,1
DA:46,0
DA:47,0
DA:48,1
DA:49,1
DA:50,0
DA:51,0
DA:52,1
DA:53,1
DA:54,0
DA:55,0
DA:56,1
DA:57,1
DA:58,0
DA:59,0
DA:60,1
DA:61,1
DA:62,5
DA:63,5
DA:64,1
DA:65,1
DA:66,2
DA:67,2
DA:68,1
LF:68
LH:51
BRDA:13,0,0,1
BRDA:15,1,0,1
BRDA:33,2,0,2
BRDA:61,3,0,5
BRDA:65,4,0,2
BRF:5
BRH:5
end_of_record
